Using pre-set license
Built from '2021.1/staging' branch; Version is '2021.1.18f1 (25bdc3efbc2d) revision 2473411'; Using compiler version '192528614'; Build Type 'Release'
OS: 'Windows 10 Pro; OS build 19043.1288; Version 2009; 64bit' Language: 'en' Physical Memory: 16311 MB
BatchMode: 1, IsHumanControllingUs: 0, StartBugReporterOnCrash: 0, Is64bit: 1, IsPro: 0

COMMAND LINE ARGUMENTS:
C:\Program Files\Unity\Hub\Editor\2021.1.18f1\Editor\Unity.exe
-adb2
-batchMode
-noUpm
-name
AssetImportWorker0
-projectPath
C:/Users/mikey/Desktop/Fall 2021 Classes/Game Project/Git Repo/Main Repo/Iddy-and-Mego-2/Iddy and Mego_1.5.1
-logFile
Logs/AssetImportWorker0.log
-srvPort
59212
Successfully changed project path to: C:/Users/mikey/Desktop/Fall 2021 Classes/Game Project/Git Repo/Main Repo/Iddy-and-Mego-2/Iddy and Mego_1.5.1
C:/Users/mikey/Desktop/Fall 2021 Classes/Game Project/Git Repo/Main Repo/Iddy-and-Mego-2/Iddy and Mego_1.5.1
Using Asset Import Pipeline V2.
Refreshing native plugins compatible for Editor in 108.88 ms, found 4 plugins.
Preloading 0 native plugins for Editor in 0.00 ms.
Initialize engine version: 2021.1.18f1 (25bdc3efbc2d)
[Subsystems] Discovering subsystems at path C:/Program Files/Unity/Hub/Editor/2021.1.18f1/Editor/Data/Resources/UnitySubsystems
[Subsystems] Discovering subsystems at path C:/Users/mikey/Desktop/Fall 2021 Classes/Game Project/Git Repo/Main Repo/Iddy-and-Mego-2/Iddy and Mego_1.5.1/Assets
GfxDevice: creating device client; threaded=0; jobified=0
Direct3D:
    Version:  Direct3D 11.0 [level 11.1]
    Renderer: NVIDIA GeForce GTX 1080 (ID=0x1b80)
    Vendor:   NVIDIA
    VRAM:     8079 MB
    Driver:   30.0.14.7141
Initialize mono
Mono path[0] = 'C:/Program Files/Unity/Hub/Editor/2021.1.18f1/Editor/Data/Managed'
Mono path[1] = 'C:/Program Files/Unity/Hub/Editor/2021.1.18f1/Editor/Data/MonoBleedingEdge/lib/mono/unityjit'
Mono config path = 'C:/Program Files/Unity/Hub/Editor/2021.1.18f1/Editor/Data/MonoBleedingEdge/etc'
Using monoOptions --debugger-agent=transport=dt_socket,embedding=1,server=y,suspend=n,address=127.0.0.1:56712
Begin MonoManager ReloadAssembly
Registering precompiled unity dll's ...
Register platform support module: C:/Program Files/Unity/Hub/Editor/2021.1.18f1/Editor/Data/PlaybackEngines/WindowsStandaloneSupport/UnityEditor.WindowsStandalone.Extensions.dll
Registered in 0.001726 seconds.
Native extension for WindowsStandalone target not found
Refreshing native plugins compatible for Editor in 103.95 ms, found 4 plugins.
Preloading 0 native plugins for Editor in 0.00 ms.
Mono: successfully reloaded assembly
- Completed reload, in  1.085 seconds
Domain Reload Profiling:
	ReloadAssembly (1086ms)
		BeginReloadAssembly (56ms)
			ExecutionOrderSort (0ms)
			DisableScriptedObjects (0ms)
			BackupInstance (0ms)
			ReleaseScriptingObjects (0ms)
			CreateAndSetChildDomain (1ms)
		EndReloadAssembly (427ms)
			LoadAssemblies (54ms)
			RebuildTransferFunctionScriptingTraits (0ms)
			SetupTypeCache (141ms)
			ReleaseScriptCaches (0ms)
			RebuildScriptCaches (25ms)
			SetupLoadedEditorAssemblies (221ms)
				LogAssemblyErrors (0ms)
				InitializePlatformSupportModulesInManaged (6ms)
				SetLoadedEditorAssemblies (0ms)
				RefreshPlugins (104ms)
				BeforeProcessingInitializeOnLoad (1ms)
				ProcessInitializeOnLoadAttributes (84ms)
				ProcessInitializeOnLoadMethodAttributes (26ms)
				AfterProcessingInitializeOnLoad (0ms)
				EditorAssembliesLoaded (0ms)
			ExecutionOrderSort2 (0ms)
			AwakeInstancesAfterBackupRestoration (0ms)
Platform modules already initialized, skipping
Registering precompiled user dll's ...
Registered in 0.005617 seconds.
Begin MonoManager ReloadAssembly
Symbol file LoadedFromMemory doesn't match image C:\Users\mikey\Desktop\Fall 2021 Classes\Game Project\Git Repo\Main Repo\Iddy-and-Mego-2\Iddy and Mego_1.5.1\Library\PackageCache\com.unity.visualscripting@1.6.1\Editor\VisualScripting.Core\Dependencies\YamlDotNet\Unity.VisualScripting.YamlDotNet.dll
Symbol file LoadedFromMemory doesn't match image C:\Users\mikey\Desktop\Fall 2021 Classes\Game Project\Git Repo\Main Repo\Iddy-and-Mego-2\Iddy and Mego_1.5.1\Library\PackageCache\com.unity.visualscripting@1.6.1\Editor\VisualScripting.Core\Dependencies\DotNetZip\Unity.VisualScripting.IonicZip.dll
Native extension for WindowsStandalone target not found
Refreshing native plugins compatible for Editor in 103.79 ms, found 4 plugins.
Preloading 0 native plugins for Editor in 0.00 ms.
Mono: successfully reloaded assembly
- Completed reload, in  1.212 seconds
Domain Reload Profiling:
	ReloadAssembly (1212ms)
		BeginReloadAssembly (137ms)
			ExecutionOrderSort (0ms)
			DisableScriptedObjects (4ms)
			BackupInstance (0ms)
			ReleaseScriptingObjects (0ms)
			CreateAndSetChildDomain (19ms)
		EndReloadAssembly (1022ms)
			LoadAssemblies (92ms)
			RebuildTransferFunctionScriptingTraits (0ms)
			SetupTypeCache (346ms)
			ReleaseScriptCaches (1ms)
			RebuildScriptCaches (55ms)
			SetupLoadedEditorAssemblies (451ms)
				LogAssemblyErrors (0ms)
				InitializePlatformSupportModulesInManaged (3ms)
				SetLoadedEditorAssemblies (0ms)
				RefreshPlugins (104ms)
				BeforeProcessingInitializeOnLoad (90ms)
				ProcessInitializeOnLoadAttributes (235ms)
				ProcessInitializeOnLoadMethodAttributes (13ms)
				AfterProcessingInitializeOnLoad (6ms)
				EditorAssembliesLoaded (0ms)
			ExecutionOrderSort2 (0ms)
			AwakeInstancesAfterBackupRestoration (5ms)
Platform modules already initialized, skipping
========================================================================
Worker process is ready to serve import requests
Launched and connected shader compiler UnityShaderCompiler.exe after 0.06 seconds
Refreshing native plugins compatible for Editor in 0.72 ms, found 4 plugins.
Preloading 0 native plugins for Editor in 0.00 ms.
Unloading 4266 Unused Serialized files (Serialized files now loaded: 0)
System memory in use before: 164.9 MB.
System memory in use after: 165.2 MB.

Unloading 33 unused Assets to reduce memory usage. Loaded Objects now: 4719.
Total: 3.165800 ms (FindLiveObjects: 0.293600 ms CreateObjectMapping: 0.210600 ms MarkObjects: 2.600900 ms  DeleteObjects: 0.059900 ms)

AssetImportParameters requested are different than current active one (requested -> active):
  custom:framework-win-MediaFoundation: 216162199b28c13a410421893ffa2e32 -> 
  custom:video-decoder-ogg-theora: a1e56fd34408186e4bbccfd4996cb3dc -> 
  custom:container-muxer-webm: aa71ff27fc2769a1b78a27578f13a17b -> 
  custom:container-demuxer-webm: 4f35f7cbe854078d1ac9338744f61a02 -> 
  custom:container-demuxer-ogg: 62fdf1f143b41e24485cea50d1cbac27 -> 
  custom:video-encoder-webm-vp8: eb34c28f22e8b96e1ab97ce403110664 -> 
  custom:video-decoder-webm-vp8: 9c59270c3fd7afecdb556c50c9e8de78 -> 
  custom:audio-decoder-ogg-vorbis: bf7c407c2cedff20999df2af8eb42d56 -> 
  custom:audio-encoder-webm-vorbis: bf7c407c2cedff20999df2af8eb42d56 -> 
========================================================================
Received Import Request.
  path: Assets/Scripts/Cat.cs
  artifactKey: Guid(f23d950070487b64ab32a32abb6621c7) Importer(815301076,1909f56bfc062723c751e8b465ee728b)
Start importing Assets/Scripts/Cat.cs using Guid(f23d950070487b64ab32a32abb6621c7) Importer(815301076,1909f56bfc062723c751e8b465ee728b)  -> (artifact id: '1854cbcb0783121b6914299fb5d95eb4') in 0.029168 seconds 
========================================================================
Received Prepare
Registering precompiled user dll's ...
Registered in 0.005330 seconds.
Begin MonoManager ReloadAssembly
Symbol file LoadedFromMemory doesn't match image C:\Users\mikey\Desktop\Fall 2021 Classes\Game Project\Git Repo\Main Repo\Iddy-and-Mego-2\Iddy and Mego_1.5.1\Library\PackageCache\com.unity.visualscripting@1.6.1\Editor\VisualScripting.Core\Dependencies\YamlDotNet\Unity.VisualScripting.YamlDotNet.dll
Symbol file LoadedFromMemory doesn't match image C:\Users\mikey\Desktop\Fall 2021 Classes\Game Project\Git Repo\Main Repo\Iddy-and-Mego-2\Iddy and Mego_1.5.1\Library\PackageCache\com.unity.visualscripting@1.6.1\Editor\VisualScripting.Core\Dependencies\DotNetZip\Unity.VisualScripting.IonicZip.dll
Native extension for WindowsStandalone target not found
Refreshing native plugins compatible for Editor in 0.74 ms, found 4 plugins.
Preloading 0 native plugins for Editor in 0.00 ms.
Mono: successfully reloaded assembly
- Completed reload, in  1.055 seconds
Domain Reload Profiling:
	ReloadAssembly (1055ms)
		BeginReloadAssembly (121ms)
			ExecutionOrderSort (0ms)
			DisableScriptedObjects (5ms)
			BackupInstance (0ms)
			ReleaseScriptingObjects (0ms)
			CreateAndSetChildDomain (39ms)
		EndReloadAssembly (881ms)
			LoadAssemblies (93ms)
			RebuildTransferFunctionScriptingTraits (0ms)
			SetupTypeCache (338ms)
			ReleaseScriptCaches (1ms)
			RebuildScriptCaches (42ms)
			SetupLoadedEditorAssemblies (314ms)
				LogAssemblyErrors (0ms)
				InitializePlatformSupportModulesInManaged (4ms)
				SetLoadedEditorAssemblies (1ms)
				RefreshPlugins (1ms)
				BeforeProcessingInitializeOnLoad (64ms)
				ProcessInitializeOnLoadAttributes (230ms)
				ProcessInitializeOnLoadMethodAttributes (8ms)
				AfterProcessingInitializeOnLoad (6ms)
				EditorAssembliesLoaded (0ms)
			ExecutionOrderSort2 (0ms)
			AwakeInstancesAfterBackupRestoration (9ms)
Platform modules already initialized, skipping
Refreshing native plugins compatible for Editor in 0.77 ms, found 4 plugins.
Preloading 0 native plugins for Editor in 0.00 ms.
Unloading 4214 Unused Serialized files (Serialized files now loaded: 0)
System memory in use before: 160.5 MB.
System memory in use after: 160.7 MB.

Unloading 19 unused Assets to reduce memory usage. Loaded Objects now: 4722.
Total: 3.565300 ms (FindLiveObjects: 0.291200 ms CreateObjectMapping: 0.210400 ms MarkObjects: 3.045800 ms  DeleteObjects: 0.016900 ms)

AssetImportParameters requested are different than current active one (requested -> active):
  custom:framework-win-MediaFoundation: 216162199b28c13a410421893ffa2e32 -> 
  custom:video-decoder-ogg-theora: a1e56fd34408186e4bbccfd4996cb3dc -> 
  custom:container-muxer-webm: aa71ff27fc2769a1b78a27578f13a17b -> 
  custom:container-demuxer-webm: 4f35f7cbe854078d1ac9338744f61a02 -> 
  custom:container-demuxer-ogg: 62fdf1f143b41e24485cea50d1cbac27 -> 
  custom:video-encoder-webm-vp8: eb34c28f22e8b96e1ab97ce403110664 -> 
  custom:video-decoder-webm-vp8: 9c59270c3fd7afecdb556c50c9e8de78 -> 
  custom:audio-decoder-ogg-vorbis: bf7c407c2cedff20999df2af8eb42d56 -> 
  custom:audio-encoder-webm-vorbis: bf7c407c2cedff20999df2af8eb42d56 -> 
========================================================================
Received Import Request.
  Time since last request: 240.203618 seconds.
  path: Assets/Scenes/Level 01.unity
  artifactKey: Guid(240981800662f0b4eb8f5e7bd212b6f0) Importer(815301076,1909f56bfc062723c751e8b465ee728b)
Start importing Assets/Scenes/Level 01.unity using Guid(240981800662f0b4eb8f5e7bd212b6f0) Importer(815301076,1909f56bfc062723c751e8b465ee728b)  -> (artifact id: 'fc0eb745d747db3a094e933128051517') in 0.023966 seconds 
========================================================================
Received Prepare
Registering precompiled user dll's ...
Registered in 0.006286 seconds.
Begin MonoManager ReloadAssembly
Symbol file LoadedFromMemory doesn't match image C:\Users\mikey\Desktop\Fall 2021 Classes\Game Project\Git Repo\Main Repo\Iddy-and-Mego-2\Iddy and Mego_1.5.1\Library\PackageCache\com.unity.visualscripting@1.6.1\Editor\VisualScripting.Core\Dependencies\YamlDotNet\Unity.VisualScripting.YamlDotNet.dll
Symbol file LoadedFromMemory doesn't match image C:\Users\mikey\Desktop\Fall 2021 Classes\Game Project\Git Repo\Main Repo\Iddy-and-Mego-2\Iddy and Mego_1.5.1\Library\PackageCache\com.unity.visualscripting@1.6.1\Editor\VisualScripting.Core\Dependencies\DotNetZip\Unity.VisualScripting.IonicZip.dll
Native extension for WindowsStandalone target not found
Refreshing native plugins compatible for Editor in 0.78 ms, found 4 plugins.
Preloading 0 native plugins for Editor in 0.00 ms.
Mono: successfully reloaded assembly
- Completed reload, in  1.092 seconds
Domain Reload Profiling:
	ReloadAssembly (1093ms)
		BeginReloadAssembly (116ms)
			ExecutionOrderSort (0ms)
			DisableScriptedObjects (5ms)
			BackupInstance (0ms)
			ReleaseScriptingObjects (0ms)
			CreateAndSetChildDomain (39ms)
		EndReloadAssembly (924ms)
			LoadAssemblies (96ms)
			RebuildTransferFunctionScriptingTraits (0ms)
			SetupTypeCache (376ms)
			ReleaseScriptCaches (1ms)
			RebuildScriptCaches (45ms)
			SetupLoadedEditorAssemblies (312ms)
				LogAssemblyErrors (0ms)
				InitializePlatformSupportModulesInManaged (4ms)
				SetLoadedEditorAssemblies (0ms)
				RefreshPlugins (1ms)
				BeforeProcessingInitializeOnLoad (65ms)
				ProcessInitializeOnLoadAttributes (226ms)
				ProcessInitializeOnLoadMethodAttributes (9ms)
				AfterProcessingInitializeOnLoad (6ms)
				EditorAssembliesLoaded (0ms)
			ExecutionOrderSort2 (0ms)
			AwakeInstancesAfterBackupRestoration (10ms)
Platform modules already initialized, skipping
Refreshing native plugins compatible for Editor in 0.76 ms, found 4 plugins.
Preloading 0 native plugins for Editor in 0.00 ms.
Unloading 4214 Unused Serialized files (Serialized files now loaded: 0)
System memory in use before: 160.5 MB.
System memory in use after: 160.8 MB.

Unloading 19 unused Assets to reduce memory usage. Loaded Objects now: 4725.
Total: 3.447800 ms (FindLiveObjects: 0.290900 ms CreateObjectMapping: 0.193300 ms MarkObjects: 2.940400 ms  DeleteObjects: 0.021500 ms)

AssetImportParameters requested are different than current active one (requested -> active):
  custom:framework-win-MediaFoundation: 216162199b28c13a410421893ffa2e32 -> 
  custom:video-decoder-ogg-theora: a1e56fd34408186e4bbccfd4996cb3dc -> 
  custom:container-muxer-webm: aa71ff27fc2769a1b78a27578f13a17b -> 
  custom:container-demuxer-webm: 4f35f7cbe854078d1ac9338744f61a02 -> 
  custom:container-demuxer-ogg: 62fdf1f143b41e24485cea50d1cbac27 -> 
  custom:video-encoder-webm-vp8: eb34c28f22e8b96e1ab97ce403110664 -> 
  custom:video-decoder-webm-vp8: 9c59270c3fd7afecdb556c50c9e8de78 -> 
  custom:audio-decoder-ogg-vorbis: bf7c407c2cedff20999df2af8eb42d56 -> 
  custom:audio-encoder-webm-vorbis: bf7c407c2cedff20999df2af8eb42d56 -> 
========================================================================
Received Prepare
Registering precompiled user dll's ...
Registered in 0.006564 seconds.
Begin MonoManager ReloadAssembly
Symbol file LoadedFromMemory doesn't match image C:\Users\mikey\Desktop\Fall 2021 Classes\Game Project\Git Repo\Main Repo\Iddy-and-Mego-2\Iddy and Mego_1.5.1\Library\PackageCache\com.unity.visualscripting@1.6.1\Editor\VisualScripting.Core\Dependencies\YamlDotNet\Unity.VisualScripting.YamlDotNet.dll
Symbol file LoadedFromMemory doesn't match image C:\Users\mikey\Desktop\Fall 2021 Classes\Game Project\Git Repo\Main Repo\Iddy-and-Mego-2\Iddy and Mego_1.5.1\Library\PackageCache\com.unity.visualscripting@1.6.1\Editor\VisualScripting.Core\Dependencies\DotNetZip\Unity.VisualScripting.IonicZip.dll
Native extension for WindowsStandalone target not found
Refreshing native plugins compatible for Editor in 0.76 ms, found 4 plugins.
Preloading 0 native plugins for Editor in 0.00 ms.
Mono: successfully reloaded assembly
- Completed reload, in  1.067 seconds
Domain Reload Profiling:
	ReloadAssembly (1067ms)
		BeginReloadAssembly (128ms)
			ExecutionOrderSort (0ms)
			DisableScriptedObjects (5ms)
			BackupInstance (0ms)
			ReleaseScriptingObjects (0ms)
			CreateAndSetChildDomain (41ms)
		EndReloadAssembly (883ms)
			LoadAssemblies (91ms)
			RebuildTransferFunctionScriptingTraits (0ms)
			SetupTypeCache (332ms)
			ReleaseScriptCaches (1ms)
			RebuildScriptCaches (46ms)
			SetupLoadedEditorAssemblies (317ms)
				LogAssemblyErrors (0ms)
				InitializePlatformSupportModulesInManaged (5ms)
				SetLoadedEditorAssemblies (0ms)
				RefreshPlugins (1ms)
				BeforeProcessingInitializeOnLoad (66ms)
				ProcessInitializeOnLoadAttributes (230ms)
				ProcessInitializeOnLoadMethodAttributes (8ms)
				AfterProcessingInitializeOnLoad (6ms)
				EditorAssembliesLoaded (0ms)
			ExecutionOrderSort2 (0ms)
			AwakeInstancesAfterBackupRestoration (9ms)
Platform modules already initialized, skipping
Refreshing native plugins compatible for Editor in 0.74 ms, found 4 plugins.
Preloading 0 native plugins for Editor in 0.00 ms.
Unloading 4215 Unused Serialized files (Serialized files now loaded: 0)
System memory in use before: 160.6 MB.
System memory in use after: 160.9 MB.

Unloading 19 unused Assets to reduce memory usage. Loaded Objects now: 4729.
Total: 3.435700 ms (FindLiveObjects: 0.333000 ms CreateObjectMapping: 0.245200 ms MarkObjects: 2.838400 ms  DeleteObjects: 0.018200 ms)

AssetImportParameters requested are different than current active one (requested -> active):
  custom:framework-win-MediaFoundation: 216162199b28c13a410421893ffa2e32 -> 
  custom:video-decoder-ogg-theora: a1e56fd34408186e4bbccfd4996cb3dc -> 
  custom:container-muxer-webm: aa71ff27fc2769a1b78a27578f13a17b -> 
  custom:container-demuxer-webm: 4f35f7cbe854078d1ac9338744f61a02 -> 
  custom:container-demuxer-ogg: 62fdf1f143b41e24485cea50d1cbac27 -> 
  custom:video-encoder-webm-vp8: eb34c28f22e8b96e1ab97ce403110664 -> 
  custom:video-decoder-webm-vp8: 9c59270c3fd7afecdb556c50c9e8de78 -> 
  custom:audio-decoder-ogg-vorbis: bf7c407c2cedff20999df2af8eb42d56 -> 
  custom:audio-encoder-webm-vorbis: bf7c407c2cedff20999df2af8eb42d56 -> 
========================================================================
Received Import Request.
  Time since last request: 577.145748 seconds.
  path: Assets/Scripts/Player.cs
  artifactKey: Guid(89f563f1377d8424dbd9febb1695d18f) Importer(815301076,1909f56bfc062723c751e8b465ee728b)
Start importing Assets/Scripts/Player.cs using Guid(89f563f1377d8424dbd9febb1695d18f) Importer(815301076,1909f56bfc062723c751e8b465ee728b)  -> (artifact id: '25b6ae9b734261324ffdcc9bff193328') in 0.012504 seconds 
========================================================================
Received Prepare
Registering precompiled user dll's ...
Registered in 0.005415 seconds.
Begin MonoManager ReloadAssembly
Symbol file LoadedFromMemory doesn't match image C:\Users\mikey\Desktop\Fall 2021 Classes\Game Project\Git Repo\Main Repo\Iddy-and-Mego-2\Iddy and Mego_1.5.1\Library\PackageCache\com.unity.visualscripting@1.6.1\Editor\VisualScripting.Core\Dependencies\YamlDotNet\Unity.VisualScripting.YamlDotNet.dll
Symbol file LoadedFromMemory doesn't match image C:\Users\mikey\Desktop\Fall 2021 Classes\Game Project\Git Repo\Main Repo\Iddy-and-Mego-2\Iddy and Mego_1.5.1\Library\PackageCache\com.unity.visualscripting@1.6.1\Editor\VisualScripting.Core\Dependencies\DotNetZip\Unity.VisualScripting.IonicZip.dll
Native extension for WindowsStandalone target not found
Refreshing native plugins compatible for Editor in 0.75 ms, found 4 plugins.
Preloading 0 native plugins for Editor in 0.00 ms.
Mono: successfully reloaded assembly
- Completed reload, in  1.110 seconds
Domain Reload Profiling:
	ReloadAssembly (1111ms)
		BeginReloadAssembly (116ms)
			ExecutionOrderSort (0ms)
			DisableScriptedObjects (6ms)
			BackupInstance (0ms)
			ReleaseScriptingObjects (0ms)
			CreateAndSetChildDomain (35ms)
		EndReloadAssembly (942ms)
			LoadAssemblies (92ms)
			RebuildTransferFunctionScriptingTraits (0ms)
			SetupTypeCache (397ms)
			ReleaseScriptCaches (1ms)
			RebuildScriptCaches (44ms)
			SetupLoadedEditorAssemblies (319ms)
				LogAssemblyErrors (0ms)
				InitializePlatformSupportModulesInManaged (4ms)
				SetLoadedEditorAssemblies (0ms)
				RefreshPlugins (1ms)
				BeforeProcessingInitializeOnLoad (66ms)
				ProcessInitializeOnLoadAttributes (233ms)
				ProcessInitializeOnLoadMethodAttributes (8ms)
				AfterProcessingInitializeOnLoad (6ms)
				EditorAssembliesLoaded (0ms)
			ExecutionOrderSort2 (0ms)
			AwakeInstancesAfterBackupRestoration (9ms)
Platform modules already initialized, skipping
Refreshing native plugins compatible for Editor in 0.73 ms, found 4 plugins.
Preloading 0 native plugins for Editor in 0.00 ms.
Unloading 4215 Unused Serialized files (Serialized files now loaded: 0)
System memory in use before: 160.6 MB.
System memory in use after: 160.9 MB.

Unloading 19 unused Assets to reduce memory usage. Loaded Objects now: 4732.
Total: 4.307300 ms (FindLiveObjects: 0.327300 ms CreateObjectMapping: 0.255100 ms MarkObjects: 3.704800 ms  DeleteObjects: 0.019100 ms)

AssetImportParameters requested are different than current active one (requested -> active):
  custom:framework-win-MediaFoundation: 216162199b28c13a410421893ffa2e32 -> 
  custom:video-decoder-ogg-theora: a1e56fd34408186e4bbccfd4996cb3dc -> 
  custom:container-muxer-webm: aa71ff27fc2769a1b78a27578f13a17b -> 
  custom:container-demuxer-webm: 4f35f7cbe854078d1ac9338744f61a02 -> 
  custom:container-demuxer-ogg: 62fdf1f143b41e24485cea50d1cbac27 -> 
  custom:video-encoder-webm-vp8: eb34c28f22e8b96e1ab97ce403110664 -> 
  custom:video-decoder-webm-vp8: 9c59270c3fd7afecdb556c50c9e8de78 -> 
  custom:audio-decoder-ogg-vorbis: bf7c407c2cedff20999df2af8eb42d56 -> 
  custom:audio-encoder-webm-vorbis: bf7c407c2cedff20999df2af8eb42d56 -> 
========================================================================
Received Import Request.
  Time since last request: 232.865959 seconds.
  path: Assets/Sprites/Iddy/idle
  artifactKey: Guid(0448557a7ce533345b86af4dd09ca2c7) Importer(815301076,1909f56bfc062723c751e8b465ee728b)
Start importing Assets/Sprites/Iddy/idle using Guid(0448557a7ce533345b86af4dd09ca2c7) Importer(815301076,1909f56bfc062723c751e8b465ee728b)  -> (artifact id: 'b03268877d9ef800a79a2b114197b714') in 0.011158 seconds 
========================================================================
Received Import Request.
  Time since last request: 0.054899 seconds.
  path: Assets/Sprites/Iddy/idle/Cat1.png
  artifactKey: Guid(482aa5537fb961d4787ea147284edee5) Importer(815301076,1909f56bfc062723c751e8b465ee728b)
Start importing Assets/Sprites/Iddy/idle/Cat1.png using Guid(482aa5537fb961d4787ea147284edee5) Importer(815301076,1909f56bfc062723c751e8b465ee728b)  -> (artifact id: 'f5bc5c10952c4dad1449f931b9d476bd') in 0.099356 seconds 
========================================================================
Received Import Request.
  Time since last request: 45.658942 seconds.
  path: Assets/Sprites/Iddy/run/1.png
  artifactKey: Guid(8bc42048be022ae4fb30cb2815146611) Importer(815301076,1909f56bfc062723c751e8b465ee728b)
Start importing Assets/Sprites/Iddy/run/1.png using Guid(8bc42048be022ae4fb30cb2815146611) Importer(815301076,1909f56bfc062723c751e8b465ee728b)  -> (artifact id: 'f003130fdf13fa717e521ce0fdcbc0ec') in 0.020291 seconds 
========================================================================
Received Import Request.
  Time since last request: 0.000208 seconds.
  path: Assets/Sprites/Iddy/run/4.png
  artifactKey: Guid(e0b684b72b7caef4c9920504e5ca96df) Importer(815301076,1909f56bfc062723c751e8b465ee728b)
Start importing Assets/Sprites/Iddy/run/4.png using Guid(e0b684b72b7caef4c9920504e5ca96df) Importer(815301076,1909f56bfc062723c751e8b465ee728b)  -> (artifact id: '977a670899d3a24074fe2ff37e5c121c') in 0.034619 seconds 
========================================================================
Received Import Request.
  Time since last request: 0.000153 seconds.
  path: Assets/Sprites/Iddy/run/7.png
  artifactKey: Guid(48b6e3d4e022d5040b9cbc21ace58080) Importer(815301076,1909f56bfc062723c751e8b465ee728b)
Start importing Assets/Sprites/Iddy/run/7.png using Guid(48b6e3d4e022d5040b9cbc21ace58080) Importer(815301076,1909f56bfc062723c751e8b465ee728b)  -> (artifact id: 'ea287e9d5a79b40aaa79ed25b1c39e1b') in 0.020240 seconds 
========================================================================
Received Import Request.
  Time since last request: 0.000200 seconds.
  path: Assets/Sprites/Iddy/run/3.png
  artifactKey: Guid(888dfe6eed931b84fa688a70fd34336b) Importer(815301076,1909f56bfc062723c751e8b465ee728b)
Start importing Assets/Sprites/Iddy/run/3.png using Guid(888dfe6eed931b84fa688a70fd34336b) Importer(815301076,1909f56bfc062723c751e8b465ee728b)  -> (artifact id: '2f613d2a73a8628a4ae8d03383c21d57') in 0.019733 seconds 
========================================================================
Received Import Request.
  Time since last request: 0.000180 seconds.
  path: Assets/Sprites/Iddy/run/9.png
  artifactKey: Guid(9230a0251d153f140955e6c87cc0af60) Importer(815301076,1909f56bfc062723c751e8b465ee728b)
Start importing Assets/Sprites/Iddy/run/9.png using Guid(9230a0251d153f140955e6c87cc0af60) Importer(815301076,1909f56bfc062723c751e8b465ee728b)  -> (artifact id: '90c0a6a9357bd6e64d79388abb108ffe') in 0.020341 seconds 
========================================================================
Received Import Request.
  Time since last request: 0.000180 seconds.
  path: Assets/Sprites/Iddy/run/10.png
  artifactKey: Guid(f2cccf90919410d44a30dbb6dad794f6) Importer(815301076,1909f56bfc062723c751e8b465ee728b)
Start importing Assets/Sprites/Iddy/run/10.png using Guid(f2cccf90919410d44a30dbb6dad794f6) Importer(815301076,1909f56bfc062723c751e8b465ee728b)  -> (artifact id: '0d4f83c7c56ff4d40e14d9e3d5733ed3') in 0.028508 seconds 
========================================================================
Received Import Request.
  Time since last request: 0.000176 seconds.
  path: Assets/Sprites/Iddy/run/6.png
  artifactKey: Guid(adfde0bfbf8350e4bb3a213bd108e860) Importer(815301076,1909f56bfc062723c751e8b465ee728b)
Start importing Assets/Sprites/Iddy/run/6.png using Guid(adfde0bfbf8350e4bb3a213bd108e860) Importer(815301076,1909f56bfc062723c751e8b465ee728b)  -> (artifact id: '4b15d7ea280d280f78309afb7d6d61aa') in 0.019129 seconds 
========================================================================
Received Import Request.
  Time since last request: 0.000243 seconds.
  path: Assets/Sprites/Iddy/run/2.png
  artifactKey: Guid(7c69c09a5fa71dd49ba3497678a0dddf) Importer(815301076,1909f56bfc062723c751e8b465ee728b)
Start importing Assets/Sprites/Iddy/run/2.png using Guid(7c69c09a5fa71dd49ba3497678a0dddf) Importer(815301076,1909f56bfc062723c751e8b465ee728b)  -> (artifact id: '9c951fdb0798be8f52fd200017d143d7') in 0.020126 seconds 
========================================================================
Received Import Request.
  Time since last request: 0.000197 seconds.
  path: Assets/Sprites/Iddy/run/11.png
  artifactKey: Guid(d2371c8b6349c6e4ab773ed2ee6a89f1) Importer(815301076,1909f56bfc062723c751e8b465ee728b)
Start importing Assets/Sprites/Iddy/run/11.png using Guid(d2371c8b6349c6e4ab773ed2ee6a89f1) Importer(815301076,1909f56bfc062723c751e8b465ee728b)  -> (artifact id: 'f3c51519744078fd0c53bc13b64722c3') in 0.020235 seconds 
========================================================================
Received Import Request.
  Time since last request: 0.000206 seconds.
  path: Assets/Sprites/Iddy/run/8.png
  artifactKey: Guid(25a08bf9b3c3f7344be9d6ed50397288) Importer(815301076,1909f56bfc062723c751e8b465ee728b)
Start importing Assets/Sprites/Iddy/run/8.png using Guid(25a08bf9b3c3f7344be9d6ed50397288) Importer(815301076,1909f56bfc062723c751e8b465ee728b)  -> (artifact id: '0a7bd478c1c4b7c98997e327d4c2166d') in 0.020149 seconds 
========================================================================
Received Import Request.
  Time since last request: 0.000219 seconds.
  path: Assets/Sprites/Iddy/run/5.png
  artifactKey: Guid(6a9802de26be2584b9213d844d7dc099) Importer(815301076,1909f56bfc062723c751e8b465ee728b)
Start importing Assets/Sprites/Iddy/run/5.png using Guid(6a9802de26be2584b9213d844d7dc099) Importer(815301076,1909f56bfc062723c751e8b465ee728b)  -> (artifact id: 'b09599b43a7637be5e766a4a19002721') in 0.020522 seconds 
========================================================================
Received Import Request.
  Time since last request: 0.000186 seconds.
  path: Assets/Sprites/Iddy/run/12.png
  artifactKey: Guid(12130ca6ef881924caf2cb87c7554624) Importer(815301076,1909f56bfc062723c751e8b465ee728b)
Start importing Assets/Sprites/Iddy/run/12.png using Guid(12130ca6ef881924caf2cb87c7554624) Importer(815301076,1909f56bfc062723c751e8b465ee728b)  -> (artifact id: '09faab874330089aec596482f0e59e8d') in 0.020208 seconds 
========================================================================
Received Import Request.
  Time since last request: 2.491861 seconds.
  path: Assets/Sprites/Iddy/walk/Cat1.png
  artifactKey: Guid(5f4e901fa40cf1842b17be5be481d91d) Importer(815301076,1909f56bfc062723c751e8b465ee728b)
Start importing Assets/Sprites/Iddy/walk/Cat1.png using Guid(5f4e901fa40cf1842b17be5be481d91d) Importer(815301076,1909f56bfc062723c751e8b465ee728b)  -> (artifact id: 'fa86a7645ba7579667a7b07390ea64d1') in 0.011489 seconds 
========================================================================
Received Import Request.
  Time since last request: 0.000160 seconds.
  path: Assets/Sprites/Iddy/walk/Cat2.png
  artifactKey: Guid(4f69e455951c1e644941a92ba02c2736) Importer(815301076,1909f56bfc062723c751e8b465ee728b)
Start importing Assets/Sprites/Iddy/walk/Cat2.png using Guid(4f69e455951c1e644941a92ba02c2736) Importer(815301076,1909f56bfc062723c751e8b465ee728b)  -> (artifact id: '00d9af70b8ccc1a5611f6d4e4fda741f') in 0.019493 seconds 
========================================================================
Received Import Request.
  Time since last request: 0.000266 seconds.
  path: Assets/Sprites/Iddy/walk/Cat4v2.png
  artifactKey: Guid(d2faa3b2fa440f74da87813ab6980ef8) Importer(815301076,1909f56bfc062723c751e8b465ee728b)
Start importing Assets/Sprites/Iddy/walk/Cat4v2.png using Guid(d2faa3b2fa440f74da87813ab6980ef8) Importer(815301076,1909f56bfc062723c751e8b465ee728b)  -> (artifact id: '080150d9b93cf55733ac3948b8134c8a') in 0.021354 seconds 
========================================================================
Received Import Request.
  Time since last request: 0.000155 seconds.
  path: Assets/Sprites/Iddy/walk/Cat3.png
  artifactKey: Guid(97dcef75d8bec7c4d83f2e2d06d4b380) Importer(815301076,1909f56bfc062723c751e8b465ee728b)
Start importing Assets/Sprites/Iddy/walk/Cat3.png using Guid(97dcef75d8bec7c4d83f2e2d06d4b380) Importer(815301076,1909f56bfc062723c751e8b465ee728b)  -> (artifact id: 'd53ccefe77a5d376f9046aab75ad901c') in 0.017754 seconds 
========================================================================
Received Import Request.
  Time since last request: 98.716153 seconds.
  path: Assets/Animator
  artifactKey: Guid(3b5407f6d67fc464e9276e8134ae94c9) Importer(815301076,1909f56bfc062723c751e8b465ee728b)
Start importing Assets/Animator using Guid(3b5407f6d67fc464e9276e8134ae94c9) Importer(815301076,1909f56bfc062723c751e8b465ee728b)  -> (artifact id: '71f8e6a9be19d93267318771482d7786') in 0.007733 seconds 
========================================================================
Received Import Request.
  Time since last request: 8.244777 seconds.
  path: Assets/Animator/New Animation
  artifactKey: Guid(6c01f15166fa65c468568caf790ba863) Importer(815301076,1909f56bfc062723c751e8b465ee728b)
Start importing Assets/Animator/New Animation using Guid(6c01f15166fa65c468568caf790ba863) Importer(815301076,1909f56bfc062723c751e8b465ee728b)  -> (artifact id: '17817a8d7e9d85be031effbff34421cd') in 0.008398 seconds 
========================================================================
Received Import Request.
  Time since last request: 26.030563 seconds.
  path: Assets/Animator/New Animation/Iddy.controller
  artifactKey: Guid(bb2a3862fe9ed094f9b6aed7606d948b) Importer(815301076,1909f56bfc062723c751e8b465ee728b)
Start importing Assets/Animator/New Animation/Iddy.controller using Guid(bb2a3862fe9ed094f9b6aed7606d948b) Importer(815301076,1909f56bfc062723c751e8b465ee728b)  -> (artifact id: '4e2cb7e7ecb8b5da15de5293651aeba9') in 0.010082 seconds 
========================================================================
Received Import Request.
  Time since last request: 40.272407 seconds.
  path: Assets/Animator/iddy.controller
  artifactKey: Guid(516d87a3fceb882458aa6468456fbb61) Importer(815301076,1909f56bfc062723c751e8b465ee728b)
Start importing Assets/Animator/iddy.controller using Guid(516d87a3fceb882458aa6468456fbb61) Importer(815301076,1909f56bfc062723c751e8b465ee728b)  -> (artifact id: '011ff1db7052eddea439d211d82c9b64') in 0.008045 seconds 
========================================================================
Received Import Request.
  Time since last request: 1.831046 seconds.
  path: Assets/Animator/iddy_idle.anim
  artifactKey: Guid(3c56fcd3843358b4cbd97ed7bdfe2f9d) Importer(815301076,1909f56bfc062723c751e8b465ee728b)
Start importing Assets/Animator/iddy_idle.anim using Guid(3c56fcd3843358b4cbd97ed7bdfe2f9d) Importer(815301076,1909f56bfc062723c751e8b465ee728b)  -> (artifact id: '345e82b45c84cddf75b42e9762730202') in 0.008218 seconds 
========================================================================
Received Import Request.
  Time since last request: 71.486593 seconds.
  path: Assets/Animator/New Animation/Iddy_Idle.anim
  artifactKey: Guid(17d10ae0839a3344cb64e7c6ff5d1ec1) Importer(815301076,1909f56bfc062723c751e8b465ee728b)
Start importing Assets/Animator/New Animation/Iddy_Idle.anim using Guid(17d10ae0839a3344cb64e7c6ff5d1ec1) Importer(815301076,1909f56bfc062723c751e8b465ee728b)  -> (artifact id: '085566fa73eedc6105351c721d1b282a') in 0.007406 seconds 
========================================================================
Received Import Request.
  Time since last request: 4.863807 seconds.
  path: Assets/Animator/New Animation/iddy_idle.anim
  artifactKey: Guid(17d10ae0839a3344cb64e7c6ff5d1ec1) Importer(815301076,1909f56bfc062723c751e8b465ee728b)
Start importing Assets/Animator/New Animation/iddy_idle.anim using Guid(17d10ae0839a3344cb64e7c6ff5d1ec1) Importer(815301076,1909f56bfc062723c751e8b465ee728b)  -> (artifact id: 'f8ba41bc5256d0880b207529fbc780d8') in 0.002686 seconds 
========================================================================
Received Import Request.
  Time since last request: 51.910745 seconds.
  path: Assets/Animator/iddy_run.anim
  artifactKey: Guid(8beb17e6b142a504fa2cf646449f5d25) Importer(815301076,1909f56bfc062723c751e8b465ee728b)
Start importing Assets/Animator/iddy_run.anim using Guid(8beb17e6b142a504fa2cf646449f5d25) Importer(815301076,1909f56bfc062723c751e8b465ee728b)  -> (artifact id: 'dba19d204807f8642c4b9a1fccb0b9f3') in 0.008095 seconds 
========================================================================
Received Import Request.
  Time since last request: 3.286731 seconds.
  path: Assets/Animator/iddy_walk.anim
  artifactKey: Guid(c1018b25eadf6b8419357ab0d800709d) Importer(815301076,1909f56bfc062723c751e8b465ee728b)
Start importing Assets/Animator/iddy_walk.anim using Guid(c1018b25eadf6b8419357ab0d800709d) Importer(815301076,1909f56bfc062723c751e8b465ee728b)  -> (artifact id: '39c509741c0fa1ec7737d2c00a5a1ce2') in 0.007039 seconds 
========================================================================
Received Import Request.
  Time since last request: 15.020838 seconds.
  path: Assets/Animator/New Animation/iddy_walk.anim
  artifactKey: Guid(17d10ae0839a3344cb64e7c6ff5d1ec1) Importer(815301076,1909f56bfc062723c751e8b465ee728b)
Start importing Assets/Animator/New Animation/iddy_walk.anim using Guid(17d10ae0839a3344cb64e7c6ff5d1ec1) Importer(815301076,1909f56bfc062723c751e8b465ee728b)  -> (artifact id: 'a48ede16f01a8e9aa137166ec442d4d7') in 0.003152 seconds 
========================================================================
Received Import Request.
  Time since last request: 60.369620 seconds.
  path: Assets/Prefabs
  artifactKey: Guid(4d90801d7986ebb4585969794bb90434) Importer(815301076,1909f56bfc062723c751e8b465ee728b)
Start importing Assets/Prefabs using Guid(4d90801d7986ebb4585969794bb90434) Importer(815301076,1909f56bfc062723c751e8b465ee728b)  -> (artifact id: '2f308af988319f550bf6e2447c7093ca') in 0.010941 seconds 
========================================================================
Received Import Request.
  Time since last request: 10.460894 seconds.
  path: Assets/Prefabs/Test
  artifactKey: Guid(b3235d5d14655044ab89a2087251df55) Importer(815301076,1909f56bfc062723c751e8b465ee728b)
Start importing Assets/Prefabs/Test using Guid(b3235d5d14655044ab89a2087251df55) Importer(815301076,1909f56bfc062723c751e8b465ee728b)  -> (artifact id: '32465fd59740827e187489c19ffff767') in 0.006285 seconds 
========================================================================
Received Import Request.
  Time since last request: 4.959227 seconds.
  path: Assets/Animator/Test
  artifactKey: Guid(6c01f15166fa65c468568caf790ba863) Importer(815301076,1909f56bfc062723c751e8b465ee728b)
Start importing Assets/Animator/Test using Guid(6c01f15166fa65c468568caf790ba863) Importer(815301076,1909f56bfc062723c751e8b465ee728b)  -> (artifact id: 'f9c4c534a44e87ca4991e5742af0dad5') in 0.002979 seconds 
========================================================================
Received Import Request.
  Time since last request: 91.830709 seconds.
  path: Assets/Prefabs/Test/Iddy.prefab
  artifactKey: Guid(30596225a2d2c8b49ae37da0ce5a9117) Importer(815301076,1909f56bfc062723c751e8b465ee728b)
Start importing Assets/Prefabs/Test/Iddy.prefab using Guid(30596225a2d2c8b49ae37da0ce5a9117) Importer(815301076,1909f56bfc062723c751e8b465ee728b)  -> (artifact id: '233846a7ea29a997127ae5809975fcd0') in 0.010467 seconds 
========================================================================
Received Import Request.
  Time since last request: 33.565781 seconds.
  path: Assets/Prefabs/Test/Iddy.prefab
  artifactKey: Guid(30596225a2d2c8b49ae37da0ce5a9117) Importer(815301076,1909f56bfc062723c751e8b465ee728b)
Start importing Assets/Prefabs/Test/Iddy.prefab using Guid(30596225a2d2c8b49ae37da0ce5a9117) Importer(815301076,1909f56bfc062723c751e8b465ee728b)  -> (artifact id: '2ffce1dc0ce588ea459a760d06d91ffa') in 0.004469 seconds 
========================================================================
Received Import Request.
  Time since last request: 19.750267 seconds.
  path: Assets/Prefabs/Test/Iddy.prefab
  artifactKey: Guid(30596225a2d2c8b49ae37da0ce5a9117) Importer(815301076,1909f56bfc062723c751e8b465ee728b)
Start importing Assets/Prefabs/Test/Iddy.prefab using Guid(30596225a2d2c8b49ae37da0ce5a9117) Importer(815301076,1909f56bfc062723c751e8b465ee728b)  -> (artifact id: 'fe4280a43fa0a89c7c52aa25d6805497') in 0.023994 seconds 
========================================================================
Received Import Request.
  Time since last request: 29.704124 seconds.
  path: Assets/Prefabs/Test/Iddy.prefab
  artifactKey: Guid(30596225a2d2c8b49ae37da0ce5a9117) Importer(815301076,1909f56bfc062723c751e8b465ee728b)
Start importing Assets/Prefabs/Test/Iddy.prefab using Guid(30596225a2d2c8b49ae37da0ce5a9117) Importer(815301076,1909f56bfc062723c751e8b465ee728b)  -> (artifact id: '96ec87d332ad0c5772bf04ca9fcaee63') in 0.009343 seconds 
========================================================================
Received Import Request.
  Time since last request: 5.295823 seconds.
  path: Assets/Prefabs/Test/Iddy.prefab
  artifactKey: Guid(30596225a2d2c8b49ae37da0ce5a9117) Importer(815301076,1909f56bfc062723c751e8b465ee728b)
Start importing Assets/Prefabs/Test/Iddy.prefab using Guid(30596225a2d2c8b49ae37da0ce5a9117) Importer(815301076,1909f56bfc062723c751e8b465ee728b)  -> (artifact id: '5b9a2ae32b04f72c382731bd4273c41e') in 0.008383 seconds 
========================================================================
Received Import Request.
  Time since last request: 7.959045 seconds.
  path: Assets/Prefabs/Test/Iddy.prefab
  artifactKey: Guid(30596225a2d2c8b49ae37da0ce5a9117) Importer(815301076,1909f56bfc062723c751e8b465ee728b)
Start importing Assets/Prefabs/Test/Iddy.prefab using Guid(30596225a2d2c8b49ae37da0ce5a9117) Importer(815301076,1909f56bfc062723c751e8b465ee728b)  -> (artifact id: 'eefdeed042143b577a7c6d9224863021') in 0.009227 seconds 
========================================================================
Received Import Request.
  Time since last request: 2.716868 seconds.
  path: Assets/Prefabs/Test/Iddy.prefab
  artifactKey: Guid(30596225a2d2c8b49ae37da0ce5a9117) Importer(815301076,1909f56bfc062723c751e8b465ee728b)
Start importing Assets/Prefabs/Test/Iddy.prefab using Guid(30596225a2d2c8b49ae37da0ce5a9117) Importer(815301076,1909f56bfc062723c751e8b465ee728b)  -> (artifact id: 'cc2c1897dc63dd3049aff045a873586a') in 0.009560 seconds 
========================================================================
Received Import Request.
  Time since last request: 6.447638 seconds.
  path: Assets/Prefabs/Test/Iddy.prefab
  artifactKey: Guid(30596225a2d2c8b49ae37da0ce5a9117) Importer(815301076,1909f56bfc062723c751e8b465ee728b)
Start importing Assets/Prefabs/Test/Iddy.prefab using Guid(30596225a2d2c8b49ae37da0ce5a9117) Importer(815301076,1909f56bfc062723c751e8b465ee728b)  -> (artifact id: 'd7772aa9ba19bffe251705d3ecc99a63') in 0.009025 seconds 
========================================================================
Received Import Request.
  Time since last request: 206.771656 seconds.
  path: Assets/Prefabs/Test/Iddy.prefab
  artifactKey: Guid(30596225a2d2c8b49ae37da0ce5a9117) Importer(815301076,1909f56bfc062723c751e8b465ee728b)
Start importing Assets/Prefabs/Test/Iddy.prefab using Guid(30596225a2d2c8b49ae37da0ce5a9117) Importer(815301076,1909f56bfc062723c751e8b465ee728b)  -> (artifact id: '3ee0f22a5ef6428736bd80273f775327') in 0.008488 seconds 
========================================================================
Received Import Request.
  Time since last request: 13.313799 seconds.
  path: Assets/Prefabs/Test/Iddy.prefab
  artifactKey: Guid(30596225a2d2c8b49ae37da0ce5a9117) Importer(815301076,1909f56bfc062723c751e8b465ee728b)
Start importing Assets/Prefabs/Test/Iddy.prefab using Guid(30596225a2d2c8b49ae37da0ce5a9117) Importer(815301076,1909f56bfc062723c751e8b465ee728b)  -> (artifact id: '15564d3f57a082a8109403800c0712c3') in 0.008124 seconds 
========================================================================
Received Import Request.
  Time since last request: 7.678862 seconds.
  path: Assets/Prefabs/Test/Iddy.prefab
  artifactKey: Guid(30596225a2d2c8b49ae37da0ce5a9117) Importer(815301076,1909f56bfc062723c751e8b465ee728b)
Start importing Assets/Prefabs/Test/Iddy.prefab using Guid(30596225a2d2c8b49ae37da0ce5a9117) Importer(815301076,1909f56bfc062723c751e8b465ee728b)  -> (artifact id: '778e57ad598cb4883f142da59d94bb03') in 0.007522 seconds 
========================================================================
Received Import Request.
  Time since last request: 6.307393 seconds.
  path: Assets/Prefabs/Test/Iddy.prefab
  artifactKey: Guid(30596225a2d2c8b49ae37da0ce5a9117) Importer(815301076,1909f56bfc062723c751e8b465ee728b)
Start importing Assets/Prefabs/Test/Iddy.prefab using Guid(30596225a2d2c8b49ae37da0ce5a9117) Importer(815301076,1909f56bfc062723c751e8b465ee728b)  -> (artifact id: 'c8dc85e90811681d5dcd850e606176d5') in 0.007215 seconds 
========================================================================
Received Import Request.
  Time since last request: 3.424369 seconds.
  path: Assets/Prefabs/Test/Iddy.prefab
  artifactKey: Guid(30596225a2d2c8b49ae37da0ce5a9117) Importer(815301076,1909f56bfc062723c751e8b465ee728b)
Start importing Assets/Prefabs/Test/Iddy.prefab using Guid(30596225a2d2c8b49ae37da0ce5a9117) Importer(815301076,1909f56bfc062723c751e8b465ee728b)  -> (artifact id: '9ab2245583d1f90a41dfc13596674f64') in 0.007458 seconds 
========================================================================
Received Import Request.
  Time since last request: 3.017084 seconds.
  path: Assets/Prefabs/Test/Iddy.prefab
  artifactKey: Guid(30596225a2d2c8b49ae37da0ce5a9117) Importer(815301076,1909f56bfc062723c751e8b465ee728b)
Start importing Assets/Prefabs/Test/Iddy.prefab using Guid(30596225a2d2c8b49ae37da0ce5a9117) Importer(815301076,1909f56bfc062723c751e8b465ee728b)  -> (artifact id: '1f543eaf3ba5d08d39c7394d719034c6') in 0.007258 seconds 
========================================================================
Received Prepare
Registering precompiled user dll's ...
Registered in 0.005201 seconds.
Begin MonoManager ReloadAssembly
Symbol file LoadedFromMemory doesn't match image C:\Users\mikey\Desktop\Fall 2021 Classes\Game Project\Git Repo\Main Repo\Iddy-and-Mego-2\Iddy and Mego_1.5.1\Library\PackageCache\com.unity.visualscripting@1.6.1\Editor\VisualScripting.Core\Dependencies\YamlDotNet\Unity.VisualScripting.YamlDotNet.dll
Symbol file LoadedFromMemory doesn't match image C:\Users\mikey\Desktop\Fall 2021 Classes\Game Project\Git Repo\Main Repo\Iddy-and-Mego-2\Iddy and Mego_1.5.1\Library\PackageCache\com.unity.visualscripting@1.6.1\Editor\VisualScripting.Core\Dependencies\DotNetZip\Unity.VisualScripting.IonicZip.dll
Native extension for WindowsStandalone target not found
Refreshing native plugins compatible for Editor in 1.12 ms, found 4 plugins.
Preloading 0 native plugins for Editor in 0.00 ms.
Mono: successfully reloaded assembly
- Completed reload, in  1.114 seconds
Domain Reload Profiling:
	ReloadAssembly (1114ms)
		BeginReloadAssembly (121ms)
			ExecutionOrderSort (0ms)
			DisableScriptedObjects (5ms)
			BackupInstance (0ms)
			ReleaseScriptingObjects (0ms)
			CreateAndSetChildDomain (43ms)
		EndReloadAssembly (939ms)
			LoadAssemblies (100ms)
			RebuildTransferFunctionScriptingTraits (0ms)
			SetupTypeCache (348ms)
			ReleaseScriptCaches (1ms)
			RebuildScriptCaches (49ms)
			SetupLoadedEditorAssemblies (320ms)
				LogAssemblyErrors (0ms)
				InitializePlatformSupportModulesInManaged (4ms)
				SetLoadedEditorAssemblies (0ms)
				RefreshPlugins (1ms)
				BeforeProcessingInitializeOnLoad (65ms)
				ProcessInitializeOnLoadAttributes (234ms)
				ProcessInitializeOnLoadMethodAttributes (9ms)
				AfterProcessingInitializeOnLoad (6ms)
				EditorAssembliesLoaded (0ms)
			ExecutionOrderSort2 (0ms)
			AwakeInstancesAfterBackupRestoration (16ms)
Platform modules already initialized, skipping
Refreshing native plugins compatible for Editor in 0.94 ms, found 4 plugins.
Preloading 0 native plugins for Editor in 0.00 ms.
Unloading 4232 Unused Serialized files (Serialized files now loaded: 0)
System memory in use before: 173.7 MB.
System memory in use after: 173.9 MB.

Unloading 19 unused Assets to reduce memory usage. Loaded Objects now: 5003.
Total: 3.935200 ms (FindLiveObjects: 0.340000 ms CreateObjectMapping: 0.335900 ms MarkObjects: 3.231400 ms  DeleteObjects: 0.026800 ms)

AssetImportParameters requested are different than current active one (requested -> active):
  custom:framework-win-MediaFoundation: 216162199b28c13a410421893ffa2e32 -> 
  custom:video-decoder-ogg-theora: a1e56fd34408186e4bbccfd4996cb3dc -> 
  custom:container-muxer-webm: aa71ff27fc2769a1b78a27578f13a17b -> 
  custom:container-demuxer-webm: 4f35f7cbe854078d1ac9338744f61a02 -> 
  custom:container-demuxer-ogg: 62fdf1f143b41e24485cea50d1cbac27 -> 
  custom:video-encoder-webm-vp8: eb34c28f22e8b96e1ab97ce403110664 -> 
  custom:video-decoder-webm-vp8: 9c59270c3fd7afecdb556c50c9e8de78 -> 
  custom:audio-decoder-ogg-vorbis: bf7c407c2cedff20999df2af8eb42d56 -> 
  custom:audio-encoder-webm-vorbis: bf7c407c2cedff20999df2af8eb42d56 -> 
========================================================================
Received Import Request.
  Time since last request: 506.415822 seconds.
  path: Assets/Tile Palettes/Dreamland.prefab
  artifactKey: Guid(d77e56b3e307f804091f4bebea999312) Importer(815301076,1909f56bfc062723c751e8b465ee728b)
Start importing Assets/Tile Palettes/Dreamland.prefab using Guid(d77e56b3e307f804091f4bebea999312) Importer(815301076,1909f56bfc062723c751e8b465ee728b)  -> (artifact id: '5ec1146cb3a23a996c46b7aa392666ba') in 0.071289 seconds 
========================================================================
Received Import Request.
  Time since last request: 0.000171 seconds.
  path: Assets/Tile Palettes/Full Size.prefab
  artifactKey: Guid(c4c1b67fdf3e10949b52fb707452ddb2) Importer(815301076,1909f56bfc062723c751e8b465ee728b)
Start importing Assets/Tile Palettes/Full Size.prefab using Guid(c4c1b67fdf3e10949b52fb707452ddb2) Importer(815301076,1909f56bfc062723c751e8b465ee728b)  -> (artifact id: '08ae9b55abff40558146c3fa978421c3') in 0.015265 seconds 
========================================================================
Received Import Request.
  Time since last request: 0.793331 seconds.
  path: Assets/Sprites/UI/Bar.png
  artifactKey: Guid(7c7b4e193ead2524bbeb7b59fb6cc91f) Importer(815301076,1909f56bfc062723c751e8b465ee728b)
Start importing Assets/Sprites/UI/Bar.png using Guid(7c7b4e193ead2524bbeb7b59fb6cc91f) Importer(815301076,1909f56bfc062723c751e8b465ee728b)  -> (artifact id: '8cbdd756fc5495991a2d95764a3f7d75') in 0.025588 seconds 
========================================================================
Received Import Request.
  Time since last request: 0.000150 seconds.
  path: Assets/Sprites/UI/Fill.png
  artifactKey: Guid(d62e60c71e3931f4f840890a5ab6bc91) Importer(815301076,1909f56bfc062723c751e8b465ee728b)
Start importing Assets/Sprites/UI/Fill.png using Guid(d62e60c71e3931f4f840890a5ab6bc91) Importer(815301076,1909f56bfc062723c751e8b465ee728b)  -> (artifact id: 'f9ba342412eeeb5e032b25e16f383de3') in 0.015614 seconds 
========================================================================
Received Import Request.
  Time since last request: 2.366486 seconds.
  path: Assets/Sprites/Splash/catscubed.jpg
  artifactKey: Guid(1c22f02c719e6b44bbfed1b8f66396b7) Importer(815301076,1909f56bfc062723c751e8b465ee728b)
Start importing Assets/Sprites/Splash/catscubed.jpg using Guid(1c22f02c719e6b44bbfed1b8f66396b7) Importer(815301076,1909f56bfc062723c751e8b465ee728b)  -> (artifact id: '23326f128d25784cfcc5cfb56e5fded1') in 0.024568 seconds 
========================================================================
Received Import Request.
  Time since last request: 0.547886 seconds.
  path: Assets/Sprites/Misc/Asset_1.png
  artifactKey: Guid(ffdcccdccade3804ba60d7c5f9e30fc8) Importer(815301076,1909f56bfc062723c751e8b465ee728b)
Start importing Assets/Sprites/Misc/Asset_1.png using Guid(ffdcccdccade3804ba60d7c5f9e30fc8) Importer(815301076,1909f56bfc062723c751e8b465ee728b)  -> (artifact id: '4eece4c14856b8ebcbe5b8d2dd017350') in 0.017225 seconds 
========================================================================
Received Import Request.
  Time since last request: 0.000150 seconds.
  path: Assets/Sprites/Misc/Asset_13.png
  artifactKey: Guid(a0aeb44285fc0cd49b59b80c3721a956) Importer(815301076,1909f56bfc062723c751e8b465ee728b)
Start importing Assets/Sprites/Misc/Asset_13.png using Guid(a0aeb44285fc0cd49b59b80c3721a956) Importer(815301076,1909f56bfc062723c751e8b465ee728b)  -> (artifact id: 'b430a86d4511474abdd28f93121a0a23') in 0.016653 seconds 
========================================================================
Received Import Request.
  Time since last request: 0.000229 seconds.
  path: Assets/Sprites/Misc/Asset_3.png
  artifactKey: Guid(ddb7674ebb5eec649b578a9ad9c1a5da) Importer(815301076,1909f56bfc062723c751e8b465ee728b)
Start importing Assets/Sprites/Misc/Asset_3.png using Guid(ddb7674ebb5eec649b578a9ad9c1a5da) Importer(815301076,1909f56bfc062723c751e8b465ee728b)  -> (artifact id: 'd13c0658f06f389ec42312764e7a2edb') in 0.018519 seconds 
========================================================================
Received Import Request.
  Time since last request: 0.000145 seconds.
  path: Assets/Sprites/Misc/Asset_6_2.png
  artifactKey: Guid(308dca2dc1619cf49bd8f60c77a94009) Importer(815301076,1909f56bfc062723c751e8b465ee728b)
Start importing Assets/Sprites/Misc/Asset_6_2.png using Guid(308dca2dc1619cf49bd8f60c77a94009) Importer(815301076,1909f56bfc062723c751e8b465ee728b)  -> (artifact id: '22ad7dd95e1840cbe131f5593442928a') in 0.014441 seconds 
========================================================================
Received Import Request.
  Time since last request: 0.000156 seconds.
  path: Assets/Sprites/Misc/Asset_4.png
  artifactKey: Guid(e5f6ff7e12a10ac43a763ae524ff71ab) Importer(815301076,1909f56bfc062723c751e8b465ee728b)
Start importing Assets/Sprites/Misc/Asset_4.png using Guid(e5f6ff7e12a10ac43a763ae524ff71ab) Importer(815301076,1909f56bfc062723c751e8b465ee728b)  -> (artifact id: 'f9012c95a251c962f2dcfd5a5d1a824e') in 0.017438 seconds 
========================================================================
Received Import Request.
  Time since last request: 0.000219 seconds.
  path: Assets/Sprites/Misc/Asset_5.png
  artifactKey: Guid(b7b844829fb95a145804897bfbcd9b2d) Importer(815301076,1909f56bfc062723c751e8b465ee728b)
Start importing Assets/Sprites/Misc/Asset_5.png using Guid(b7b844829fb95a145804897bfbcd9b2d) Importer(815301076,1909f56bfc062723c751e8b465ee728b)  -> (artifact id: '1c8508522fa5110d40a2066a4b470a4f') in 0.013656 seconds 
========================================================================
Received Import Request.
  Time since last request: 0.000193 seconds.
  path: Assets/Sprites/Misc/Asset_14.png
  artifactKey: Guid(2d2fd36a668a38847b19176aa402228a) Importer(815301076,1909f56bfc062723c751e8b465ee728b)
Start importing Assets/Sprites/Misc/Asset_14.png using Guid(2d2fd36a668a38847b19176aa402228a) Importer(815301076,1909f56bfc062723c751e8b465ee728b)  -> (artifact id: 'bf6be8034943b6c60d6f11b2032e0930') in 0.012934 seconds 
========================================================================
Received Import Request.
  Time since last request: 0.000191 seconds.
  path: Assets/Sprites/Misc/Asset_7.png
  artifactKey: Guid(db97d504bab64514ba71a43d2724a503) Importer(815301076,1909f56bfc062723c751e8b465ee728b)
Start importing Assets/Sprites/Misc/Asset_7.png using Guid(db97d504bab64514ba71a43d2724a503) Importer(815301076,1909f56bfc062723c751e8b465ee728b)  -> (artifact id: 'd6f9fa589ec524fb281e95dea3d9406d') in 0.013885 seconds 
========================================================================
Received Import Request.
  Time since last request: 26.219427 seconds.
  path: Assets
  artifactKey: Guid(00000000000000001000000000000000) Importer(815301076,1909f56bfc062723c751e8b465ee728b)
Start importing Assets using Guid(00000000000000001000000000000000) Importer(815301076,1909f56bfc062723c751e8b465ee728b)  -> (artifact id: '42d402b061de3733987d63b9cc3b64de') in 0.006933 seconds 
========================================================================
Received Import Request.
  Time since last request: 9.108251 seconds.
  path: Assets/Input
  artifactKey: Guid(972d9e52134d2514597ad64895a2f320) Importer(815301076,1909f56bfc062723c751e8b465ee728b)
Start importing Assets/Input using Guid(972d9e52134d2514597ad64895a2f320) Importer(815301076,1909f56bfc062723c751e8b465ee728b)  -> (artifact id: '9ada95ed61a78088ad27c7db7df3d261') in 0.007324 seconds 
========================================================================
Received Import Request.
  Time since last request: 30.037699 seconds.
  path: Assets/Input/Test
  artifactKey: Guid(65c6db047cf32f8458fcf64a9de8b898) Importer(815301076,1909f56bfc062723c751e8b465ee728b)
Start importing Assets/Input/Test using Guid(65c6db047cf32f8458fcf64a9de8b898) Importer(815301076,1909f56bfc062723c751e8b465ee728b)  -> (artifact id: 'd15dfddcd13a5f7c5202ec0936b98eac') in 0.002392 seconds 
========================================================================
Received Import Request.
  Time since last request: 7.297901 seconds.
  path: Assets/Scripts/Test
  artifactKey: Guid(70c270f5554c8844c934c0316c2d360b) Importer(815301076,1909f56bfc062723c751e8b465ee728b)
Start importing Assets/Scripts/Test using Guid(70c270f5554c8844c934c0316c2d360b) Importer(815301076,1909f56bfc062723c751e8b465ee728b)  -> (artifact id: '22b43bffb5ae06b93c4a71eb55728815') in 0.002257 seconds 
========================================================================
Received Prepare
Registering precompiled user dll's ...
Registered in 0.005188 seconds.
Begin MonoManager ReloadAssembly
Symbol file LoadedFromMemory doesn't match image C:\Users\mikey\Desktop\Fall 2021 Classes\Game Project\Git Repo\Main Repo\Iddy-and-Mego-2\Iddy and Mego_1.5.1\Library\PackageCache\com.unity.visualscripting@1.6.1\Editor\VisualScripting.Core\Dependencies\YamlDotNet\Unity.VisualScripting.YamlDotNet.dll
Symbol file LoadedFromMemory doesn't match image C:\Users\mikey\Desktop\Fall 2021 Classes\Game Project\Git Repo\Main Repo\Iddy-and-Mego-2\Iddy and Mego_1.5.1\Library\PackageCache\com.unity.visualscripting@1.6.1\Editor\VisualScripting.Core\Dependencies\DotNetZip\Unity.VisualScripting.IonicZip.dll
Native extension for WindowsStandalone target not found
Refreshing native plugins compatible for Editor in 0.82 ms, found 4 plugins.
Preloading 0 native plugins for Editor in 0.00 ms.
Mono: successfully reloaded assembly
- Completed reload, in  1.132 seconds
Domain Reload Profiling:
	ReloadAssembly (1132ms)
		BeginReloadAssembly (124ms)
			ExecutionOrderSort (0ms)
			DisableScriptedObjects (6ms)
			BackupInstance (0ms)
			ReleaseScriptingObjects (0ms)
			CreateAndSetChildDomain (38ms)
		EndReloadAssembly (955ms)
			LoadAssemblies (98ms)
			RebuildTransferFunctionScriptingTraits (0ms)
			SetupTypeCache (331ms)
			ReleaseScriptCaches (1ms)
			RebuildScriptCaches (53ms)
			SetupLoadedEditorAssemblies (357ms)
				LogAssemblyErrors (0ms)
				InitializePlatformSupportModulesInManaged (4ms)
				SetLoadedEditorAssemblies (0ms)
				RefreshPlugins (1ms)
				BeforeProcessingInitializeOnLoad (102ms)
				ProcessInitializeOnLoadAttributes (232ms)
				ProcessInitializeOnLoadMethodAttributes (10ms)
				AfterProcessingInitializeOnLoad (8ms)
				EditorAssembliesLoaded (0ms)
			ExecutionOrderSort2 (0ms)
			AwakeInstancesAfterBackupRestoration (16ms)
Platform modules already initialized, skipping
Refreshing native plugins compatible for Editor in 0.73 ms, found 4 plugins.
Preloading 0 native plugins for Editor in 0.00 ms.
Unloading 4226 Unused Serialized files (Serialized files now loaded: 0)
System memory in use before: 178.2 MB.
System memory in use after: 178.5 MB.

Unloading 19 unused Assets to reduce memory usage. Loaded Objects now: 5184.
Total: 3.390800 ms (FindLiveObjects: 0.337400 ms CreateObjectMapping: 0.210700 ms MarkObjects: 2.821400 ms  DeleteObjects: 0.020400 ms)

AssetImportParameters requested are different than current active one (requested -> active):
  custom:framework-win-MediaFoundation: 216162199b28c13a410421893ffa2e32 -> 
  custom:video-decoder-ogg-theora: a1e56fd34408186e4bbccfd4996cb3dc -> 
  custom:container-muxer-webm: aa71ff27fc2769a1b78a27578f13a17b -> 
  custom:container-demuxer-webm: 4f35f7cbe854078d1ac9338744f61a02 -> 
  custom:container-demuxer-ogg: 62fdf1f143b41e24485cea50d1cbac27 -> 
  custom:video-encoder-webm-vp8: eb34c28f22e8b96e1ab97ce403110664 -> 
  custom:video-decoder-webm-vp8: 9c59270c3fd7afecdb556c50c9e8de78 -> 
  custom:audio-decoder-ogg-vorbis: bf7c407c2cedff20999df2af8eb42d56 -> 
  custom:audio-encoder-webm-vorbis: bf7c407c2cedff20999df2af8eb42d56 -> 
========================================================================
Received Import Request.
  Time since last request: 32.916845 seconds.
  path: Assets/Scenes/Level.unity
  artifactKey: Guid(2cda990e2423bbf4892e6590ba056729) Importer(815301076,1909f56bfc062723c751e8b465ee728b)
Start importing Assets/Scenes/Level.unity using Guid(2cda990e2423bbf4892e6590ba056729) Importer(815301076,1909f56bfc062723c751e8b465ee728b)  -> (artifact id: '46939cf2d4eff565da00cce80bcd484b') in 0.017714 seconds 
